
> ai-chatbot@3.1.0 dev /home/vicong/my_projects/tribe-agents/tribe-frontend
> next dev --turbo -p 8000

[baseline-browser-mapping] The data in this module is over two months old.  To ensure accurate Baseline data, please update: `npm i baseline-browser-mapping@latest -D`
   ▲ Next.js 16.0.5 (Turbopack, Cache Components)
   - Local:         http://localhost:8000
   - Network:       http://192.168.43.126:8000
   - Environments: .env.local

 ✓ Starting...
 ✓ Ready in 3.1s
 ○ Compiling / ...
[33m[auth][warn][debug-enabled][0m Read more: https://warnings.authjs.dev#debug-enabled
 GET / 200 in 13.0s (compile: 11.8s, proxy.ts: 22ms, render: 1214ms)
[33m[auth][warn][debug-enabled][0m Read more: https://warnings.authjs.dev#debug-enabled
 GET /api/history?limit=20 200 in 712ms (compile: 654ms, proxy.ts: 6ms, render: 52ms)
 GET /api/auth/session 200 in 2.1s (compile: 2.0s, proxy.ts: 15ms, render: 11ms)
 GET /api/auth/session 200 in 161ms (compile: 142ms, proxy.ts: 7ms, render: 13ms)
{
  code: 'bad_request:database',
  message: 'An error occurred while executing a database query.',
  cause: 'Failed to get message count by user id'
}
 POST /api/chat 400 in 608ms (compile: 575ms, proxy.ts: 7ms, render: 27ms)
{
  code: 'bad_request:database',
  message: 'An error occurred while executing a database query.',
  cause: 'Failed to get message count by user id'
}
 POST /api/chat 400 in 24ms (compile: 4ms, proxy.ts: 5ms, render: 14ms)
 GET /api/vote?chatId=509cad75-6e93-4936-b76a-8f47582e92e8 404 in 402ms (compile: 384ms, proxy.ts: 4ms, render: 14ms)
{
  code: 'bad_request:database',
  message: 'An error occurred while executing a database query.',
  cause: 'Failed to get message count by user id'
}
 POST /api/chat 400 in 20ms (compile: 3ms, proxy.ts: 5ms, render: 11ms)
{
  code: 'bad_request:database',
  message: 'An error occurred while executing a database query.',
  cause: 'Failed to get message count by user id'
}
 POST /api/chat 400 in 20ms (compile: 3ms, proxy.ts: 5ms, render: 12ms)
{
  code: 'bad_request:database',
  message: 'An error occurred while executing a database query.',
  cause: 'Failed to get message count by user id'
}
 POST /api/chat 400 in 25ms (compile: 8ms, proxy.ts: 5ms, render: 12ms)
{
  code: 'bad_request:database',
  message: 'An error occurred while executing a database query.',
  cause: 'Failed to get message count by user id'
}
 POST /api/chat 400 in 21ms (compile: 3ms, proxy.ts: 5ms, render: 13ms)
{
  code: 'bad_request:database',
  message: 'An error occurred while executing a database query.',
  cause: 'Failed to get message count by user id'
}
 POST /api/chat 400 in 19ms (compile: 3ms, proxy.ts: 5ms, render: 11ms)
 GET /api/vote?chatId=509cad75-6e93-4936-b76a-8f47582e92e8 404 in 18ms (compile: 3ms, proxy.ts: 4ms, render: 11ms)
 GET /api/history?limit=20 200 in 36ms (compile: 6ms, proxy.ts: 8ms, render: 22ms)
 GET /api/vote?chatId=509cad75-6e93-4936-b76a-8f47582e92e8 404 in 36ms (compile: 7ms, proxy.ts: 15ms, render: 14ms)
{
  code: 'bad_request:database',
  message: 'An error occurred while executing a database query.',
  cause: 'Failed to get message count by user id'
}
 POST /api/chat 400 in 24ms (compile: 4ms, proxy.ts: 6ms, render: 15ms)
{
  code: 'bad_request:database',
  message: 'An error occurred while executing a database query.',
  cause: 'Failed to get message count by user id'
}
 POST /api/chat 400 in 21ms (compile: 3ms, proxy.ts: 5ms, render: 13ms)
{
  code: 'bad_request:database',
  message: 'An error occurred while executing a database query.',
  cause: 'Failed to get message count by user id'
}
 POST /api/chat 400 in 19ms (compile: 3ms, proxy.ts: 6ms, render: 10ms)
{
  code: 'bad_request:database',
  message: 'An error occurred while executing a database query.',
  cause: 'Failed to get message count by user id'
}
 POST /api/chat 400 in 18ms (compile: 3ms, proxy.ts: 4ms, render: 11ms)
{
  code: 'bad_request:database',
  message: 'An error occurred while executing a database query.',
  cause: 'Failed to get message count by user id'
}
 POST /api/chat 400 in 20ms (compile: 4ms, proxy.ts: 5ms, render: 12ms)
{
  code: 'bad_request:database',
  message: 'An error occurred while executing a database query.',
  cause: 'Failed to get message count by user id'
}
 POST /api/chat 400 in 19ms (compile: 3ms, proxy.ts: 4ms, render: 11ms)
{
  code: 'bad_request:database',
  message: 'An error occurred while executing a database query.',
  cause: 'Failed to get message count by user id'
}
 POST /api/chat 400 in 16ms (compile: 3ms, proxy.ts: 4ms, render: 10ms)
{
  code: 'bad_request:database',
  message: 'An error occurred while executing a database query.',
  cause: 'Failed to get message count by user id'
}
 POST /api/chat 400 in 20ms (compile: 3ms, proxy.ts: 5ms, render: 12ms)
{
  code: 'bad_request:database',
  message: 'An error occurred while executing a database query.',
  cause: 'Failed to get message count by user id'
}
 POST /api/chat 400 in 20ms (compile: 3ms, proxy.ts: 5ms, render: 11ms)
 ELIFECYCLE  Command failed.
{
  code: 'bad_request:database',
  message: 'An error occurred while executing a database query.',
  cause: 'Failed to get message count by user id'
}
 POST /api/chat 400 in 28ms (compile: 4ms, proxy.ts: 7ms, render: 17ms)
 GET /api/vote?chatId=509cad75-6e93-4936-b76a-8f47582e92e8 404 in 26ms (compile: 4ms, proxy.ts: 6ms, render: 16ms)
[baseline-browser-mapping] The data in this module is over two months old.  To ensure accurate Baseline data, please update: `npm i baseline-browser-mapping@latest -D`
